2021-09-11 19:18:27,634 INFO o.a.j.u.JMeterUtils: Setting Locale to en_EN
2021-09-11 19:18:27,665 INFO o.a.j.JMeter: Loading user properties from: C:\Software\apache-jmeter-5.4.1\bin\user.properties
2021-09-11 19:18:27,667 INFO o.a.j.JMeter: Loading system properties from: C:\Software\apache-jmeter-5.4.1\bin\system.properties
2021-09-11 19:18:27,674 INFO o.a.j.JMeter: Copyright (c) 1998-2021 The Apache Software Foundation
2021-09-11 19:18:27,675 INFO o.a.j.JMeter: Version 5.4.1
2021-09-11 19:18:27,675 INFO o.a.j.JMeter: java.version=15.0.1
2021-09-11 19:18:27,675 INFO o.a.j.JMeter: java.vm.name=Java HotSpot(TM) 64-Bit Server VM
2021-09-11 19:18:27,675 INFO o.a.j.JMeter: os.name=Windows 10
2021-09-11 19:18:27,675 INFO o.a.j.JMeter: os.arch=amd64
2021-09-11 19:18:27,675 INFO o.a.j.JMeter: os.version=10.0
2021-09-11 19:18:27,676 INFO o.a.j.JMeter: file.encoding=Cp1252
2021-09-11 19:18:27,676 INFO o.a.j.JMeter: java.awt.headless=null
2021-09-11 19:18:27,676 INFO o.a.j.JMeter: Max memory     =2147483648
2021-09-11 19:18:27,676 INFO o.a.j.JMeter: Available Processors =4
2021-09-11 19:18:27,686 INFO o.a.j.JMeter: Default Locale=English (EN)
2021-09-11 19:18:27,687 INFO o.a.j.JMeter: JMeter  Locale=English (EN)
2021-09-11 19:18:27,687 INFO o.a.j.JMeter: JMeterHome=C:\Software\apache-jmeter-5.4.1
2021-09-11 19:18:27,687 INFO o.a.j.JMeter: user.dir  =C:\GitHub\JmeterAssignment
2021-09-11 19:18:27,687 INFO o.a.j.JMeter: PWD       =C:\GitHub\JmeterAssignment
2021-09-11 19:18:27,696 INFO o.a.j.JMeter: IP: 172.20.224.1 Name: Contract_Suchita_Kothavade FullName: Contract_Suchita_Kothavade.mshome.net
2021-09-11 19:18:27,862 INFO o.a.j.JMeter: Setting LAF to: com.github.weisj.darklaf.DarkLaf:com.github.weisj.darklaf.theme.IntelliJTheme
2021-09-11 19:18:29,389 INFO o.a.j.JMeter: Loaded icon properties from org/apache/jmeter/images/icon.properties
2021-09-11 19:18:31,366 INFO o.a.j.JMeter: Loading file: GmailAPI.jmx
2021-09-11 19:18:31,368 INFO o.a.j.s.FileServer: Default base='C:\GitHub\JmeterAssignment'
2021-09-11 19:18:31,369 INFO o.a.j.s.FileServer: Set new base='C:\GitHub\JmeterAssignment'
2021-09-11 19:18:31,555 INFO o.j.r.JARSourceHTTP: Found cached repo
2021-09-11 19:18:31,715 INFO o.a.j.s.SaveService: Testplan (JMX) version: 2.2. Testlog (JTL) version: 2.2
2021-09-11 19:18:31,728 INFO o.a.j.s.SaveService: Using SaveService properties version 5.0
2021-09-11 19:18:31,730 INFO o.a.j.s.SaveService: Using SaveService properties file encoding UTF-8
2021-09-11 19:18:31,732 INFO o.a.j.s.SaveService: Loading file: GmailAPI.jmx
2021-09-11 19:18:31,758 INFO o.j.r.PluginManager: Plugins Status: [jpgc-graphs-basic=2.0, jpgc-graphs-additional=2.0, jpgc-casutg=2.9, jpgc-mergeresults=2.1, jpgc-plugins-manager=1.6, jpgc-tst=2.5, jmeter-core=5.4.1, jmeter-ftp=5.4.1, jmeter-http=5.4.1, jmeter-jdbc=5.4.1, jmeter-jms=5.4.1, jmeter-junit=5.4.1, jmeter-java=5.4.1, jmeter-ldap=5.4.1, jmeter-mail=5.4.1, jmeter-mongodb=5.4.1, jmeter-native=5.4.1, jmeter-tcp=5.4.1, jmeter-components=5.4.1]
2021-09-11 19:18:31,887 INFO o.a.j.p.h.c.CookieManager: Settings: Delete null: true Check: true Allow variable: true Save: false Prefix: COOKIE_
2021-09-11 19:18:31,903 INFO o.a.j.p.h.s.HTTPSamplerBase: Parser for text/html is org.apache.jmeter.protocol.http.parser.LagartoBasedHtmlParser
2021-09-11 19:18:31,903 INFO o.a.j.p.h.s.HTTPSamplerBase: Parser for application/xhtml+xml is org.apache.jmeter.protocol.http.parser.LagartoBasedHtmlParser
2021-09-11 19:18:31,903 INFO o.a.j.p.h.s.HTTPSamplerBase: Parser for application/xml is org.apache.jmeter.protocol.http.parser.LagartoBasedHtmlParser
2021-09-11 19:18:31,903 INFO o.a.j.p.h.s.HTTPSamplerBase: Parser for text/xml is org.apache.jmeter.protocol.http.parser.LagartoBasedHtmlParser
2021-09-11 19:18:31,903 INFO o.a.j.p.h.s.HTTPSamplerBase: Parser for text/vnd.wap.wml is org.apache.jmeter.protocol.http.parser.RegexpHTMLParser
2021-09-11 19:18:31,903 INFO o.a.j.p.h.s.HTTPSamplerBase: Parser for text/css is org.apache.jmeter.protocol.http.parser.CssParser
2021-09-11 19:18:31,978 INFO o.a.j.s.FileServer: Set new base='C:\GitHub\JmeterAssignment'
2021-09-11 19:18:32,536 INFO o.a.j.e.u.CompoundVariable: Note: Function class names must contain the string: '.functions.'
2021-09-11 19:18:32,536 INFO o.a.j.e.u.CompoundVariable: Note: Function class names must not contain the string: '.gui.'
2021-09-11 19:18:32,984 INFO o.a.j.s.SampleResult: Note: Sample TimeStamps are START times
2021-09-11 19:18:32,985 INFO o.a.j.s.SampleResult: sampleresult.default.encoding is set to ISO-8859-1
2021-09-11 19:18:32,985 INFO o.a.j.s.SampleResult: sampleresult.useNanoTime=true
2021-09-11 19:18:32,985 INFO o.a.j.s.SampleResult: sampleresult.nanoThreadSleep=5000
2021-09-11 19:18:33,153 INFO o.a.j.v.ViewResultsFullVisualizer: Add JavaFX to your Java installation if you want to use renderer: org.apache.jmeter.visualizers.RenderInBrowser
